<?xml version="1.0" encoding="UTF-8"?>
<testsuite name="com.example.mutantes_castillo.service.MutantDetectionServiceTest" tests="9" skipped="0" failures="0" errors="0" timestamp="2024-10-14T04:08:18" hostname="PC-FRANCO" time="0.978">
  <properties/>
  <testcase name="testIsMutantWithMutantDNA()" classname="com.example.mutantes_castillo.service.MutantDetectionServiceTest" time="0.909"/>
  <testcase name="testIsMutantWithHumanDNA()" classname="com.example.mutantes_castillo.service.MutantDetectionServiceTest" time="0.005"/>
  <testcase name="testIsMutantWithExample1()" classname="com.example.mutantes_castillo.service.MutantDetectionServiceTest" time="0.004"/>
  <testcase name="testIsMutantWithExample2()" classname="com.example.mutantes_castillo.service.MutantDetectionServiceTest" time="0.004"/>
  <testcase name="testIsMutantWithExample3()" classname="com.example.mutantes_castillo.service.MutantDetectionServiceTest" time="0.004"/>
  <testcase name="testIsMutantWithExample4()" classname="com.example.mutantes_castillo.service.MutantDetectionServiceTest" time="0.005"/>
  <testcase name="testIsMutantWithExample5()" classname="com.example.mutantes_castillo.service.MutantDetectionServiceTest" time="0.005"/>
  <testcase name="testIsMutantWithExample6()" classname="com.example.mutantes_castillo.service.MutantDetectionServiceTest" time="0.004"/>
  <testcase name="testIsMutantWithExample7()" classname="com.example.mutantes_castillo.service.MutantDetectionServiceTest" time="0.013"/>
  <system-out><![CDATA[01:08:10.277 [Test worker] INFO org.springframework.test.context.support.AnnotationConfigContextLoaderUtils -- Could not detect default configuration classes for test class [com.example.mutantes_castillo.service.MutantDetectionServiceTest]: MutantDetectionServiceTest does not declare any static, non-private, non-final, nested classes annotated with @Configuration.
01:08:10.508 [Test worker] INFO org.springframework.boot.test.context.SpringBootTestContextBootstrapper -- Found @SpringBootConfiguration com.example.mutantes_castillo.MutantesCastilloApplication for test class com.example.mutantes_castillo.service.MutantDetectionServiceTest

  .   ____          _            __ _ _
 /\\ / ___'_ __ _ _(_)_ __  __ _ \ \ \ \
( ( )\___ | '_ | '_| | '_ \/ _` | \ \ \ \
 \\/  ___)| |_)| | | | | || (_| |  ) ) ) )
  '  |____| .__|_| |_|_| |_\__, | / / / /
 =========|_|==============|___/=/_/_/_/

 :: Spring Boot ::                (v3.3.4)

2024-10-14T01:08:11.332-03:00  INFO 11576 --- [mutantes-castillo] [    Test worker] c.e.m.s.MutantDetectionServiceTest       : Starting MutantDetectionServiceTest using Java 17.0.9 with PID 11576 (started by Franc in C:\Users\Franc\Downloads\Universidad\UTN\Tercer semestre\ProgramaciÃ³n 3\Parcial 1-Castillo, Franco\mutantes-castillo)
2024-10-14T01:08:11.334-03:00  INFO 11576 --- [mutantes-castillo] [    Test worker] c.e.m.s.MutantDetectionServiceTest       : No active profile set, falling back to 1 default profile: "default"
2024-10-14T01:08:12.874-03:00  INFO 11576 --- [mutantes-castillo] [    Test worker] .s.d.r.c.RepositoryConfigurationDelegate : Bootstrapping Spring Data JPA repositories in DEFAULT mode.
2024-10-14T01:08:12.994-03:00  INFO 11576 --- [mutantes-castillo] [    Test worker] .s.d.r.c.RepositoryConfigurationDelegate : Finished Spring Data repository scanning in 101 ms. Found 1 JPA repository interface.
2024-10-14T01:08:13.940-03:00  INFO 11576 --- [mutantes-castillo] [    Test worker] o.hibernate.jpa.internal.util.LogHelper  : HHH000204: Processing PersistenceUnitInfo [name: default]
2024-10-14T01:08:14.068-03:00  INFO 11576 --- [mutantes-castillo] [    Test worker] org.hibernate.Version                    : HHH000412: Hibernate ORM core version 6.5.3.Final
2024-10-14T01:08:14.139-03:00  INFO 11576 --- [mutantes-castillo] [    Test worker] o.h.c.internal.RegionFactoryInitiator    : HHH000026: Second-level cache disabled
2024-10-14T01:08:14.815-03:00  INFO 11576 --- [mutantes-castillo] [    Test worker] o.s.o.j.p.SpringPersistenceUnitInfo      : No LoadTimeWeaver setup: ignoring JPA class transformer
2024-10-14T01:08:14.878-03:00  INFO 11576 --- [mutantes-castillo] [    Test worker] com.zaxxer.hikari.HikariDataSource       : HikariPool-1 - Starting...
2024-10-14T01:08:15.293-03:00  INFO 11576 --- [mutantes-castillo] [    Test worker] com.zaxxer.hikari.pool.HikariPool        : HikariPool-1 - Added connection conn0: url=jdbc:h2:file:/data/testdb user=SA
2024-10-14T01:08:15.298-03:00  INFO 11576 --- [mutantes-castillo] [    Test worker] com.zaxxer.hikari.HikariDataSource       : HikariPool-1 - Start completed.
2024-10-14T01:08:15.338-03:00  WARN 11576 --- [mutantes-castillo] [    Test worker] org.hibernate.orm.deprecation            : HHH90000025: H2Dialect does not need to be specified explicitly using 'hibernate.dialect' (remove the property setting and it will be selected by default)
2024-10-14T01:08:16.818-03:00  INFO 11576 --- [mutantes-castillo] [    Test worker] o.h.e.t.j.p.i.JtaPlatformInitiator       : HHH000489: No JTA platform available (set 'hibernate.transaction.jta.platform' to enable JTA platform integration)
2024-10-14T01:08:16.896-03:00  INFO 11576 --- [mutantes-castillo] [    Test worker] j.LocalContainerEntityManagerFactoryBean : Initialized JPA EntityManagerFactory for persistence unit 'default'
2024-10-14T01:08:17.779-03:00  WARN 11576 --- [mutantes-castillo] [    Test worker] JpaBaseConfiguration$JpaWebConfiguration : spring.jpa.open-in-view is enabled by default. Therefore, database queries may be performed during view rendering. Explicitly configure spring.jpa.open-in-view to disable this warning
2024-10-14T01:08:18.423-03:00  INFO 11576 --- [mutantes-castillo] [    Test worker] o.s.b.a.h2.H2ConsoleAutoConfiguration    : H2 console available at '/h2-console'. Database available at 'jdbc:h2:file:/data/testdb'
2024-10-14T01:08:18.543-03:00  INFO 11576 --- [mutantes-castillo] [    Test worker] c.e.m.s.MutantDetectionServiceTest       : Started MutantDetectionServiceTest in 7.672 seconds (process running for 10.043)
]]></system-out>
  <system-err><![CDATA[]]></system-err>
</testsuite>
