<?xml version="1.0" encoding="UTF-8"?>
<testsuite name="com.example.mutantes_castillo.service.MutantServiceRepositoryTest" tests="1" skipped="0" failures="0" errors="0" timestamp="2024-10-12T21:51:28" hostname="PC-FRANCO" time="0.618">
  <properties/>
  <testcase name="testSaveDnaRecord()" classname="com.example.mutantes_castillo.service.MutantServiceRepositoryTest" time="0.618"/>
  <system-out><![CDATA[]]></system-out>
  <system-err><![CDATA[]]></system-err>
</testsuite>
