<?xml version="1.0" encoding="UTF-8"?>
<testsuite name="com.example.mutantes_castillo.MutantesCastilloApplicationTests" tests="1" skipped="0" failures="0" errors="0" timestamp="2024-10-14T04:08:19" hostname="PC-FRANCO" time="0.017">
  <properties/>
  <testcase name="contextLoads()" classname="com.example.mutantes_castillo.MutantesCastilloApplicationTests" time="0.017"/>
  <system-out><![CDATA[2024-10-14T01:08:19.574-03:00  INFO 11576 --- [mutantes-castillo] [    Test worker] t.c.s.AnnotationConfigContextLoaderUtils : Could not detect default configuration classes for test class [com.example.mutantes_castillo.MutantesCastilloApplicationTests]: MutantesCastilloApplicationTests does not declare any static, non-private, non-final, nested classes annotated with @Configuration.
2024-10-14T01:08:19.592-03:00  INFO 11576 --- [mutantes-castillo] [    Test worker] .b.t.c.SpringBootTestContextBootstrapper : Found @SpringBootConfiguration com.example.mutantes_castillo.MutantesCastilloApplication for test class com.example.mutantes_castillo.MutantesCastilloApplicationTests
]]></system-out>
  <system-err><![CDATA[]]></system-err>
</testsuite>
