<?xml version="1.0" encoding="UTF-8"?>
<testsuite name="com.example.mutantes_castillo.MutantesCastilloApplicationTests" tests="1" skipped="0" failures="0" errors="0" timestamp="2024-10-12T21:51:27" hostname="PC-FRANCO" time="1.003">
  <properties/>
  <testcase name="contextLoads()" classname="com.example.mutantes_castillo.MutantesCastilloApplicationTests" time="1.003"/>
  <system-out><![CDATA[18:51:18.981 [Test worker] INFO org.springframework.test.context.support.AnnotationConfigContextLoaderUtils -- Could not detect default configuration classes for test class [com.example.mutantes_castillo.MutantesCastilloApplicationTests]: MutantesCastilloApplicationTests does not declare any static, non-private, non-final, nested classes annotated with @Configuration.
18:51:19.191 [Test worker] INFO org.springframework.boot.test.context.SpringBootTestContextBootstrapper -- Found @SpringBootConfiguration com.example.mutantes_castillo.MutantesCastilloApplication for test class com.example.mutantes_castillo.MutantesCastilloApplicationTests

  .   ____          _            __ _ _
 /\\ / ___'_ __ _ _(_)_ __  __ _ \ \ \ \
( ( )\___ | '_ | '_| | '_ \/ _` | \ \ \ \
 \\/  ___)| |_)| | | | | || (_| |  ) ) ) )
  '  |____| .__|_| |_|_| |_\__, | / / / /
 =========|_|==============|___/=/_/_/_/

 :: Spring Boot ::                (v3.3.4)

2024-10-12T18:51:20.089-03:00  INFO 14264 --- [mutantes-castillo] [    Test worker] c.e.m.MutantesCastilloApplicationTests   : Starting MutantesCastilloApplicationTests using Java 17.0.9 with PID 14264 (started by Franc in C:\Users\Franc\Downloads\Universidad\UTN\Tercer semestre\ProgramaciÃ³n 3\Parcial 1-Castillo, Franco\mutantes-castillo)
2024-10-12T18:51:20.092-03:00  INFO 14264 --- [mutantes-castillo] [    Test worker] c.e.m.MutantesCastilloApplicationTests   : No active profile set, falling back to 1 default profile: "default"
2024-10-12T18:51:21.916-03:00  INFO 14264 --- [mutantes-castillo] [    Test worker] .s.d.r.c.RepositoryConfigurationDelegate : Bootstrapping Spring Data JPA repositories in DEFAULT mode.
2024-10-12T18:51:22.070-03:00  INFO 14264 --- [mutantes-castillo] [    Test worker] .s.d.r.c.RepositoryConfigurationDelegate : Finished Spring Data repository scanning in 135 ms. Found 1 JPA repository interface.
2024-10-12T18:51:22.998-03:00  INFO 14264 --- [mutantes-castillo] [    Test worker] o.hibernate.jpa.internal.util.LogHelper  : HHH000204: Processing PersistenceUnitInfo [name: default]
2024-10-12T18:51:23.139-03:00  INFO 14264 --- [mutantes-castillo] [    Test worker] org.hibernate.Version                    : HHH000412: Hibernate ORM core version 6.5.3.Final
2024-10-12T18:51:23.217-03:00  INFO 14264 --- [mutantes-castillo] [    Test worker] o.h.c.internal.RegionFactoryInitiator    : HHH000026: Second-level cache disabled
2024-10-12T18:51:23.911-03:00  INFO 14264 --- [mutantes-castillo] [    Test worker] o.s.o.j.p.SpringPersistenceUnitInfo      : No LoadTimeWeaver setup: ignoring JPA class transformer
2024-10-12T18:51:23.981-03:00  INFO 14264 --- [mutantes-castillo] [    Test worker] com.zaxxer.hikari.HikariDataSource       : HikariPool-1 - Starting...
2024-10-12T18:51:24.356-03:00  INFO 14264 --- [mutantes-castillo] [    Test worker] com.zaxxer.hikari.pool.HikariPool        : HikariPool-1 - Added connection conn0: url=jdbc:h2:file:/data/testdb user=SA
2024-10-12T18:51:24.358-03:00  INFO 14264 --- [mutantes-castillo] [    Test worker] com.zaxxer.hikari.HikariDataSource       : HikariPool-1 - Start completed.
2024-10-12T18:51:24.392-03:00  WARN 14264 --- [mutantes-castillo] [    Test worker] org.hibernate.orm.deprecation            : HHH90000025: H2Dialect does not need to be specified explicitly using 'hibernate.dialect' (remove the property setting and it will be selected by default)
2024-10-12T18:51:25.981-03:00  INFO 14264 --- [mutantes-castillo] [    Test worker] o.h.e.t.j.p.i.JtaPlatformInitiator       : HHH000489: No JTA platform available (set 'hibernate.transaction.jta.platform' to enable JTA platform integration)
2024-10-12T18:51:26.054-03:00  INFO 14264 --- [mutantes-castillo] [    Test worker] j.LocalContainerEntityManagerFactoryBean : Initialized JPA EntityManagerFactory for persistence unit 'default'
2024-10-12T18:51:27.085-03:00  WARN 14264 --- [mutantes-castillo] [    Test worker] JpaBaseConfiguration$JpaWebConfiguration : spring.jpa.open-in-view is enabled by default. Therefore, database queries may be performed during view rendering. Explicitly configure spring.jpa.open-in-view to disable this warning
2024-10-12T18:51:27.741-03:00  INFO 14264 --- [mutantes-castillo] [    Test worker] o.s.b.a.h2.H2ConsoleAutoConfiguration    : H2 console available at '/h2-console'. Database available at 'jdbc:h2:file:/data/testdb'
2024-10-12T18:51:27.847-03:00  INFO 14264 --- [mutantes-castillo] [    Test worker] c.e.m.MutantesCastilloApplicationTests   : Started MutantesCastilloApplicationTests in 8.282 seconds (process running for 10.741)
]]></system-out>
  <system-err><![CDATA[]]></system-err>
</testsuite>
